<?xml version="1.0" encoding="UTF-8"?>
<robot generator="Robot 6.1.1 (Python 3.10.12 on linux)" generated="20231120 22:16:53.211" rpa="false" schemaversion="4">
<suite id="s1" name="Tests" source="/home/lpatrik/palautusrepositorio/viikko3/web-login/src/tests">
<suite id="s1-s1" name="Home" source="/home/lpatrik/palautusrepositorio/viikko3/web-login/src/tests/home.robot">
<kw name="Open And Configure Browser" library="resource" type="SETUP">
<kw name="Evaluate" library="BuiltIn">
<var>${options}</var>
<arg>sys.modules['selenium.webdriver'].ChromeOptions()</arg>
<arg>sys</arg>
<doc>Evaluates the given expression in Python and returns the result.</doc>
<msg timestamp="20231120 22:16:53.350" level="INFO">${options} = &lt;selenium.webdriver.chrome.options.Options object at 0x7fc09d029600&gt;</msg>
<status status="PASS" starttime="20231120 22:16:53.349" endtime="20231120 22:16:53.350"/>
</kw>
<kw name="Call Method" library="BuiltIn">
<arg>${options}</arg>
<arg>add_argument</arg>
<arg>--headless</arg>
<doc>Calls the named method of the given object with the provided arguments.</doc>
<status status="PASS" starttime="20231120 22:16:53.350" endtime="20231120 22:16:53.350"/>
</kw>
<kw name="Open Browser" library="SeleniumLibrary">
<arg>browser=chrome</arg>
<arg>options=${options}</arg>
<doc>Opens a new browser instance to the optional ``url``.</doc>
<msg timestamp="20231120 22:16:53.351" level="INFO">Opening browser 'chrome' to base url 'None'.</msg>
<status status="PASS" starttime="20231120 22:16:53.350" endtime="20231120 22:16:54.153"/>
</kw>
<kw name="Set Selenium Speed" library="SeleniumLibrary">
<arg>${DELAY}</arg>
<doc>Sets the delay that is waited after each Selenium command.</doc>
<status status="PASS" starttime="20231120 22:16:54.154" endtime="20231120 22:16:54.154"/>
</kw>
<status status="PASS" starttime="20231120 22:16:53.349" endtime="20231120 22:16:54.154"/>
</kw>
<test id="s1-s1-t1" name="Click Login Link" line="8">
<kw name="Go To Starting Page" library="resource" type="SETUP">
<kw name="Go To" library="SeleniumLibrary">
<arg>${HOME_URL}</arg>
<doc>Navigates the current browser window to the provided ``url``.</doc>
<msg timestamp="20231120 22:16:54.156" level="INFO">Opening url 'http://localhost:5001'</msg>
<status status="PASS" starttime="20231120 22:16:54.155" endtime="20231120 22:16:54.189"/>
</kw>
<status status="PASS" starttime="20231120 22:16:54.155" endtime="20231120 22:16:54.189"/>
</kw>
<kw name="Click Link" library="SeleniumLibrary">
<arg>Login</arg>
<doc>Clicks a link identified by ``locator``.</doc>
<msg timestamp="20231120 22:16:54.190" level="INFO">Clicking link 'Login'.</msg>
<status status="PASS" starttime="20231120 22:16:54.189" endtime="20231120 22:16:54.242"/>
</kw>
<kw name="Login Page Should Be Open" library="resource">
<kw name="Title Should Be" library="SeleniumLibrary">
<arg>Login</arg>
<doc>Verifies that the current page title equals ``title``.</doc>
<msg timestamp="20231120 22:16:54.247" level="INFO">Page title is 'Login'.</msg>
<status status="PASS" starttime="20231120 22:16:54.243" endtime="20231120 22:16:54.247"/>
</kw>
<status status="PASS" starttime="20231120 22:16:54.243" endtime="20231120 22:16:54.247"/>
</kw>
<status status="PASS" starttime="20231120 22:16:54.154" endtime="20231120 22:16:54.247"/>
</test>
<test id="s1-s1-t2" name="Click Register Link" line="12">
<kw name="Go To Starting Page" library="resource" type="SETUP">
<kw name="Go To" library="SeleniumLibrary">
<arg>${HOME_URL}</arg>
<doc>Navigates the current browser window to the provided ``url``.</doc>
<msg timestamp="20231120 22:16:54.249" level="INFO">Opening url 'http://localhost:5001'</msg>
<status status="PASS" starttime="20231120 22:16:54.248" endtime="20231120 22:16:54.257"/>
</kw>
<status status="PASS" starttime="20231120 22:16:54.248" endtime="20231120 22:16:54.257"/>
</kw>
<kw name="Click Link" library="SeleniumLibrary">
<arg>Register new user</arg>
<doc>Clicks a link identified by ``locator``.</doc>
<msg timestamp="20231120 22:16:54.258" level="INFO">Clicking link 'Register new user'.</msg>
<status status="PASS" starttime="20231120 22:16:54.258" endtime="20231120 22:16:54.302"/>
</kw>
<kw name="Register Page Should Be Open" library="resource">
<kw name="Title Should Be" library="SeleniumLibrary">
<arg>Register</arg>
<doc>Verifies that the current page title equals ``title``.</doc>
<msg timestamp="20231120 22:16:54.306" level="INFO">Page title is 'Register'.</msg>
<status status="PASS" starttime="20231120 22:16:54.303" endtime="20231120 22:16:54.306"/>
</kw>
<status status="PASS" starttime="20231120 22:16:54.303" endtime="20231120 22:16:54.306"/>
</kw>
<status status="PASS" starttime="20231120 22:16:54.248" endtime="20231120 22:16:54.307"/>
</test>
<kw name="Close Browser" library="SeleniumLibrary" type="TEARDOWN">
<doc>Closes the current browser.</doc>
<status status="PASS" starttime="20231120 22:16:54.307" endtime="20231120 22:16:54.366"/>
</kw>
<status status="PASS" starttime="20231120 22:16:53.226" endtime="20231120 22:16:54.366"/>
</suite>
<suite id="s1-s2" name="Login" source="/home/lpatrik/palautusrepositorio/viikko3/web-login/src/tests/login.robot">
<kw name="Open And Configure Browser" library="resource" type="SETUP">
<kw name="Evaluate" library="BuiltIn">
<var>${options}</var>
<arg>sys.modules['selenium.webdriver'].ChromeOptions()</arg>
<arg>sys</arg>
<doc>Evaluates the given expression in Python and returns the result.</doc>
<msg timestamp="20231120 22:16:54.375" level="INFO">${options} = &lt;selenium.webdriver.chrome.options.Options object at 0x7fc09d02ada0&gt;</msg>
<status status="PASS" starttime="20231120 22:16:54.374" endtime="20231120 22:16:54.375"/>
</kw>
<kw name="Call Method" library="BuiltIn">
<arg>${options}</arg>
<arg>add_argument</arg>
<arg>--headless</arg>
<doc>Calls the named method of the given object with the provided arguments.</doc>
<status status="PASS" starttime="20231120 22:16:54.375" endtime="20231120 22:16:54.375"/>
</kw>
<kw name="Open Browser" library="SeleniumLibrary">
<arg>browser=chrome</arg>
<arg>options=${options}</arg>
<doc>Opens a new browser instance to the optional ``url``.</doc>
<msg timestamp="20231120 22:16:54.376" level="INFO">Opening browser 'chrome' to base url 'None'.</msg>
<status status="PASS" starttime="20231120 22:16:54.376" endtime="20231120 22:16:55.180"/>
</kw>
<kw name="Set Selenium Speed" library="SeleniumLibrary">
<arg>${DELAY}</arg>
<doc>Sets the delay that is waited after each Selenium command.</doc>
<status status="PASS" starttime="20231120 22:16:55.181" endtime="20231120 22:16:55.181"/>
</kw>
<status status="PASS" starttime="20231120 22:16:54.374" endtime="20231120 22:16:55.181"/>
</kw>
<test id="s1-s2-t1" name="Login With Correct Credentials" line="8">
<kw name="Create User And Go To Login Page" type="SETUP">
<kw name="Create User" library="AppLibrary">
<arg>kalle</arg>
<arg>kalle123</arg>
<status status="PASS" starttime="20231120 22:16:55.182" endtime="20231120 22:16:55.190"/>
</kw>
<kw name="Go To Login Page" library="resource">
<kw name="Go To" library="SeleniumLibrary">
<arg>${LOGIN_URL}</arg>
<doc>Navigates the current browser window to the provided ``url``.</doc>
<msg timestamp="20231120 22:16:55.190" level="INFO">Opening url 'http://localhost:5001/login'</msg>
<status status="PASS" starttime="20231120 22:16:55.190" endtime="20231120 22:16:55.224"/>
</kw>
<status status="PASS" starttime="20231120 22:16:55.190" endtime="20231120 22:16:55.224"/>
</kw>
<kw name="Login Page Should Be Open" library="resource">
<kw name="Title Should Be" library="SeleniumLibrary">
<arg>Login</arg>
<doc>Verifies that the current page title equals ``title``.</doc>
<msg timestamp="20231120 22:16:55.229" level="INFO">Page title is 'Login'.</msg>
<status status="PASS" starttime="20231120 22:16:55.225" endtime="20231120 22:16:55.229"/>
</kw>
<status status="PASS" starttime="20231120 22:16:55.225" endtime="20231120 22:16:55.230"/>
</kw>
<status status="PASS" starttime="20231120 22:16:55.181" endtime="20231120 22:16:55.230"/>
</kw>
<kw name="Set Username">
<arg>kalle</arg>
<kw name="Input Text" library="SeleniumLibrary">
<arg>username</arg>
<arg>${username}</arg>
<doc>Types the given ``text`` into the text field identified by ``locator``.</doc>
<msg timestamp="20231120 22:16:55.231" level="INFO">Typing text 'kalle' into text field 'username'.</msg>
<status status="PASS" starttime="20231120 22:16:55.230" endtime="20231120 22:16:55.297"/>
</kw>
<status status="PASS" starttime="20231120 22:16:55.230" endtime="20231120 22:16:55.297"/>
</kw>
<kw name="Set Password">
<arg>kalle123</arg>
<kw name="Input Password" library="SeleniumLibrary">
<arg>password</arg>
<arg>${password}</arg>
<doc>Types the given password into the text field identified by ``locator``.</doc>
<msg timestamp="20231120 22:16:55.298" level="INFO">Typing password into text field 'password'.</msg>
<msg timestamp="20231120 22:16:55.321" level="INFO">Temporally setting log level to: NONE</msg>
<msg timestamp="20231120 22:16:55.347" level="INFO">Log level changed from NONE to INFO.</msg>
<status status="PASS" starttime="20231120 22:16:55.297" endtime="20231120 22:16:55.347"/>
</kw>
<status status="PASS" starttime="20231120 22:16:55.297" endtime="20231120 22:16:55.347"/>
</kw>
<kw name="Submit Credentials">
<kw name="Click Button" library="SeleniumLibrary">
<arg>Login</arg>
<doc>Clicks the button identified by ``locator``.</doc>
<msg timestamp="20231120 22:16:55.348" level="INFO">Clicking button 'Login'.</msg>
<status status="PASS" starttime="20231120 22:16:55.348" endtime="20231120 22:16:55.399"/>
</kw>
<status status="PASS" starttime="20231120 22:16:55.348" endtime="20231120 22:16:55.399"/>
</kw>
<kw name="Login Should Succeed">
<kw name="Main Page Should Be Open" library="resource">
<kw name="Title Should Be" library="SeleniumLibrary">
<arg>Ohtu Application main page</arg>
<doc>Verifies that the current page title equals ``title``.</doc>
<msg timestamp="20231120 22:16:55.404" level="INFO">Page title is 'Ohtu Application main page'.</msg>
<status status="PASS" starttime="20231120 22:16:55.400" endtime="20231120 22:16:55.404"/>
</kw>
<status status="PASS" starttime="20231120 22:16:55.400" endtime="20231120 22:16:55.404"/>
</kw>
<status status="PASS" starttime="20231120 22:16:55.400" endtime="20231120 22:16:55.405"/>
</kw>
<status status="PASS" starttime="20231120 22:16:55.181" endtime="20231120 22:16:55.405"/>
</test>
<test id="s1-s2-t2" name="Login With Incorrect Password" line="14">
<kw name="Create User And Go To Login Page" type="SETUP">
<kw name="Create User" library="AppLibrary">
<arg>kalle</arg>
<arg>kalle123</arg>
<status status="PASS" starttime="20231120 22:16:55.406" endtime="20231120 22:16:55.413"/>
</kw>
<kw name="Go To Login Page" library="resource">
<kw name="Go To" library="SeleniumLibrary">
<arg>${LOGIN_URL}</arg>
<doc>Navigates the current browser window to the provided ``url``.</doc>
<msg timestamp="20231120 22:16:55.413" level="INFO">Opening url 'http://localhost:5001/login'</msg>
<status status="PASS" starttime="20231120 22:16:55.413" endtime="20231120 22:16:55.423"/>
</kw>
<status status="PASS" starttime="20231120 22:16:55.413" endtime="20231120 22:16:55.423"/>
</kw>
<kw name="Login Page Should Be Open" library="resource">
<kw name="Title Should Be" library="SeleniumLibrary">
<arg>Login</arg>
<doc>Verifies that the current page title equals ``title``.</doc>
<msg timestamp="20231120 22:16:55.426" level="INFO">Page title is 'Login'.</msg>
<status status="PASS" starttime="20231120 22:16:55.424" endtime="20231120 22:16:55.426"/>
</kw>
<status status="PASS" starttime="20231120 22:16:55.424" endtime="20231120 22:16:55.426"/>
</kw>
<status status="PASS" starttime="20231120 22:16:55.405" endtime="20231120 22:16:55.426"/>
</kw>
<kw name="Set Username">
<arg>kalle</arg>
<kw name="Input Text" library="SeleniumLibrary">
<arg>username</arg>
<arg>${username}</arg>
<doc>Types the given ``text`` into the text field identified by ``locator``.</doc>
<msg timestamp="20231120 22:16:55.427" level="INFO">Typing text 'kalle' into text field 'username'.</msg>
<status status="PASS" starttime="20231120 22:16:55.427" endtime="20231120 22:16:55.475"/>
</kw>
<status status="PASS" starttime="20231120 22:16:55.427" endtime="20231120 22:16:55.476"/>
</kw>
<kw name="Set Password">
<arg>kalle456</arg>
<kw name="Input Password" library="SeleniumLibrary">
<arg>password</arg>
<arg>${password}</arg>
<doc>Types the given password into the text field identified by ``locator``.</doc>
<msg timestamp="20231120 22:16:55.477" level="INFO">Typing password into text field 'password'.</msg>
<msg timestamp="20231120 22:16:55.498" level="INFO">Temporally setting log level to: NONE</msg>
<msg timestamp="20231120 22:16:55.522" level="INFO">Log level changed from NONE to INFO.</msg>
<status status="PASS" starttime="20231120 22:16:55.476" endtime="20231120 22:16:55.522"/>
</kw>
<status status="PASS" starttime="20231120 22:16:55.476" endtime="20231120 22:16:55.522"/>
</kw>
<kw name="Submit Credentials">
<kw name="Click Button" library="SeleniumLibrary">
<arg>Login</arg>
<doc>Clicks the button identified by ``locator``.</doc>
<msg timestamp="20231120 22:16:55.523" level="INFO">Clicking button 'Login'.</msg>
<status status="PASS" starttime="20231120 22:16:55.523" endtime="20231120 22:16:55.564"/>
</kw>
<status status="PASS" starttime="20231120 22:16:55.523" endtime="20231120 22:16:55.564"/>
</kw>
<kw name="Login Should Fail With Message">
<arg>Invalid username or password</arg>
<kw name="Login Page Should Be Open" library="resource">
<kw name="Title Should Be" library="SeleniumLibrary">
<arg>Login</arg>
<doc>Verifies that the current page title equals ``title``.</doc>
<msg timestamp="20231120 22:16:55.567" level="INFO">Page title is 'Login'.</msg>
<status status="PASS" starttime="20231120 22:16:55.564" endtime="20231120 22:16:55.567"/>
</kw>
<status status="PASS" starttime="20231120 22:16:55.564" endtime="20231120 22:16:55.567"/>
</kw>
<kw name="Page Should Contain" library="SeleniumLibrary">
<arg>${message}</arg>
<doc>Verifies that current page contains ``text``.</doc>
<msg timestamp="20231120 22:16:55.578" level="INFO">Current page contains text 'Invalid username or password'.</msg>
<status status="PASS" starttime="20231120 22:16:55.567" endtime="20231120 22:16:55.578"/>
</kw>
<status status="PASS" starttime="20231120 22:16:55.564" endtime="20231120 22:16:55.578"/>
</kw>
<status status="PASS" starttime="20231120 22:16:55.405" endtime="20231120 22:16:55.578"/>
</test>
<test id="s1-s2-t3" name="Login With Nonexistent Username" line="20">
<kw name="Create User And Go To Login Page" type="SETUP">
<kw name="Create User" library="AppLibrary">
<arg>kalle</arg>
<arg>kalle123</arg>
<status status="PASS" starttime="20231120 22:16:55.579" endtime="20231120 22:16:55.587"/>
</kw>
<kw name="Go To Login Page" library="resource">
<kw name="Go To" library="SeleniumLibrary">
<arg>${LOGIN_URL}</arg>
<doc>Navigates the current browser window to the provided ``url``.</doc>
<msg timestamp="20231120 22:16:55.588" level="INFO">Opening url 'http://localhost:5001/login'</msg>
<status status="PASS" starttime="20231120 22:16:55.588" endtime="20231120 22:16:55.602"/>
</kw>
<status status="PASS" starttime="20231120 22:16:55.587" endtime="20231120 22:16:55.602"/>
</kw>
<kw name="Login Page Should Be Open" library="resource">
<kw name="Title Should Be" library="SeleniumLibrary">
<arg>Login</arg>
<doc>Verifies that the current page title equals ``title``.</doc>
<msg timestamp="20231120 22:16:55.605" level="INFO">Page title is 'Login'.</msg>
<status status="PASS" starttime="20231120 22:16:55.603" endtime="20231120 22:16:55.605"/>
</kw>
<status status="PASS" starttime="20231120 22:16:55.602" endtime="20231120 22:16:55.605"/>
</kw>
<status status="PASS" starttime="20231120 22:16:55.579" endtime="20231120 22:16:55.605"/>
</kw>
<kw name="Set Username">
<arg>galle</arg>
<kw name="Input Text" library="SeleniumLibrary">
<arg>username</arg>
<arg>${username}</arg>
<doc>Types the given ``text`` into the text field identified by ``locator``.</doc>
<msg timestamp="20231120 22:16:55.606" level="INFO">Typing text 'galle' into text field 'username'.</msg>
<status status="PASS" starttime="20231120 22:16:55.606" endtime="20231120 22:16:55.649"/>
</kw>
<status status="PASS" starttime="20231120 22:16:55.606" endtime="20231120 22:16:55.649"/>
</kw>
<kw name="Set Password">
<arg>kalle123</arg>
<kw name="Input Password" library="SeleniumLibrary">
<arg>password</arg>
<arg>${password}</arg>
<doc>Types the given password into the text field identified by ``locator``.</doc>
<msg timestamp="20231120 22:16:55.651" level="INFO">Typing password into text field 'password'.</msg>
<msg timestamp="20231120 22:16:55.670" level="INFO">Temporally setting log level to: NONE</msg>
<msg timestamp="20231120 22:16:55.694" level="INFO">Log level changed from NONE to INFO.</msg>
<status status="PASS" starttime="20231120 22:16:55.650" endtime="20231120 22:16:55.694"/>
</kw>
<status status="PASS" starttime="20231120 22:16:55.650" endtime="20231120 22:16:55.694"/>
</kw>
<kw name="Submit Credentials">
<kw name="Click Button" library="SeleniumLibrary">
<arg>Login</arg>
<doc>Clicks the button identified by ``locator``.</doc>
<msg timestamp="20231120 22:16:55.695" level="INFO">Clicking button 'Login'.</msg>
<status status="PASS" starttime="20231120 22:16:55.695" endtime="20231120 22:16:55.736"/>
</kw>
<status status="PASS" starttime="20231120 22:16:55.694" endtime="20231120 22:16:55.736"/>
</kw>
<kw name="Login Should Fail With Message">
<arg>Invalid username or password</arg>
<kw name="Login Page Should Be Open" library="resource">
<kw name="Title Should Be" library="SeleniumLibrary">
<arg>Login</arg>
<doc>Verifies that the current page title equals ``title``.</doc>
<msg timestamp="20231120 22:16:55.740" level="INFO">Page title is 'Login'.</msg>
<status status="PASS" starttime="20231120 22:16:55.737" endtime="20231120 22:16:55.740"/>
</kw>
<status status="PASS" starttime="20231120 22:16:55.736" endtime="20231120 22:16:55.740"/>
</kw>
<kw name="Page Should Contain" library="SeleniumLibrary">
<arg>${message}</arg>
<doc>Verifies that current page contains ``text``.</doc>
<msg timestamp="20231120 22:16:55.748" level="INFO">Current page contains text 'Invalid username or password'.</msg>
<status status="PASS" starttime="20231120 22:16:55.740" endtime="20231120 22:16:55.748"/>
</kw>
<status status="PASS" starttime="20231120 22:16:55.736" endtime="20231120 22:16:55.748"/>
</kw>
<status status="PASS" starttime="20231120 22:16:55.579" endtime="20231120 22:16:55.748"/>
</test>
<test id="s1-s2-t4" name="Register With Valid Username And Password" line="26">
<kw name="Create User And Go To Login Page" type="SETUP">
<kw name="Create User" library="AppLibrary">
<arg>kalle</arg>
<arg>kalle123</arg>
<status status="PASS" starttime="20231120 22:16:55.749" endtime="20231120 22:16:55.756"/>
</kw>
<kw name="Go To Login Page" library="resource">
<kw name="Go To" library="SeleniumLibrary">
<arg>${LOGIN_URL}</arg>
<doc>Navigates the current browser window to the provided ``url``.</doc>
<msg timestamp="20231120 22:16:55.757" level="INFO">Opening url 'http://localhost:5001/login'</msg>
<status status="PASS" starttime="20231120 22:16:55.757" endtime="20231120 22:16:55.766"/>
</kw>
<status status="PASS" starttime="20231120 22:16:55.756" endtime="20231120 22:16:55.766"/>
</kw>
<kw name="Login Page Should Be Open" library="resource">
<kw name="Title Should Be" library="SeleniumLibrary">
<arg>Login</arg>
<doc>Verifies that the current page title equals ``title``.</doc>
<msg timestamp="20231120 22:16:55.770" level="INFO">Page title is 'Login'.</msg>
<status status="PASS" starttime="20231120 22:16:55.767" endtime="20231120 22:16:55.770"/>
</kw>
<status status="PASS" starttime="20231120 22:16:55.766" endtime="20231120 22:16:55.770"/>
</kw>
<status status="PASS" starttime="20231120 22:16:55.749" endtime="20231120 22:16:55.770"/>
</kw>
<kw name="Go To Register Page" library="resource">
<kw name="Go To" library="SeleniumLibrary">
<arg>${REGISTER_URL}</arg>
<doc>Navigates the current browser window to the provided ``url``.</doc>
<msg timestamp="20231120 22:16:55.771" level="INFO">Opening url 'http://localhost:5001/register'</msg>
<status status="PASS" starttime="20231120 22:16:55.771" endtime="20231120 22:16:55.781"/>
</kw>
<status status="PASS" starttime="20231120 22:16:55.771" endtime="20231120 22:16:55.781"/>
</kw>
<kw name="Register Page Should Be Open" library="resource">
<kw name="Title Should Be" library="SeleniumLibrary">
<arg>Register</arg>
<doc>Verifies that the current page title equals ``title``.</doc>
<msg timestamp="20231120 22:16:55.784" level="INFO">Page title is 'Register'.</msg>
<status status="PASS" starttime="20231120 22:16:55.781" endtime="20231120 22:16:55.784"/>
</kw>
<status status="PASS" starttime="20231120 22:16:55.781" endtime="20231120 22:16:55.784"/>
</kw>
<kw name="Set Username">
<arg>mafia</arg>
<kw name="Input Text" library="SeleniumLibrary">
<arg>username</arg>
<arg>${username}</arg>
<doc>Types the given ``text`` into the text field identified by ``locator``.</doc>
<msg timestamp="20231120 22:16:55.785" level="INFO">Typing text 'mafia' into text field 'username'.</msg>
<status status="PASS" starttime="20231120 22:16:55.784" endtime="20231120 22:16:55.828"/>
</kw>
<status status="PASS" starttime="20231120 22:16:55.784" endtime="20231120 22:16:55.829"/>
</kw>
<kw name="Register Password">
<arg>mafia123</arg>
<kw name="Input Password" library="SeleniumLibrary">
<arg>password</arg>
<arg>${password}</arg>
<doc>Types the given password into the text field identified by ``locator``.</doc>
<msg timestamp="20231120 22:16:55.830" level="INFO">Typing password into text field 'password'.</msg>
<msg timestamp="20231120 22:16:55.852" level="INFO">Temporally setting log level to: NONE</msg>
<msg timestamp="20231120 22:16:55.875" level="INFO">Log level changed from NONE to INFO.</msg>
<status status="PASS" starttime="20231120 22:16:55.829" endtime="20231120 22:16:55.875"/>
</kw>
<kw name="Input Password" library="SeleniumLibrary">
<arg>password_confirmation</arg>
<arg>${password}</arg>
<doc>Types the given password into the text field identified by ``locator``.</doc>
<msg timestamp="20231120 22:16:55.875" level="INFO">Typing password into text field 'password_confirmation'.</msg>
<msg timestamp="20231120 22:16:55.898" level="INFO">Temporally setting log level to: NONE</msg>
<msg timestamp="20231120 22:16:55.921" level="INFO">Log level changed from NONE to INFO.</msg>
<status status="PASS" starttime="20231120 22:16:55.875" endtime="20231120 22:16:55.922"/>
</kw>
<status status="PASS" starttime="20231120 22:16:55.829" endtime="20231120 22:16:55.922"/>
</kw>
<kw name="Register New Account">
<kw name="Click Button" library="SeleniumLibrary">
<arg>Register</arg>
<doc>Clicks the button identified by ``locator``.</doc>
<msg timestamp="20231120 22:16:55.923" level="INFO">Clicking button 'Register'.</msg>
<status status="PASS" starttime="20231120 22:16:55.922" endtime="20231120 22:16:55.970"/>
</kw>
<status status="PASS" starttime="20231120 22:16:55.922" endtime="20231120 22:16:55.971"/>
</kw>
<kw name="Register Should Succeed">
<kw name="Welcome Page Should Be Open" library="resource">
<kw name="Title Should Be" library="SeleniumLibrary">
<arg>Welcome to Ohtu Application!</arg>
<doc>Verifies that the current page title equals ``title``.</doc>
<msg timestamp="20231120 22:16:55.974" level="INFO">Page title is 'Welcome to Ohtu Application!'.</msg>
<status status="PASS" starttime="20231120 22:16:55.971" endtime="20231120 22:16:55.974"/>
</kw>
<status status="PASS" starttime="20231120 22:16:55.971" endtime="20231120 22:16:55.974"/>
</kw>
<status status="PASS" starttime="20231120 22:16:55.971" endtime="20231120 22:16:55.974"/>
</kw>
<status status="PASS" starttime="20231120 22:16:55.749" endtime="20231120 22:16:55.975"/>
</test>
<test id="s1-s2-t5" name="Register With Too Short Username And Valid Password" line="35">
<kw name="Create User And Go To Login Page" type="SETUP">
<kw name="Create User" library="AppLibrary">
<arg>kalle</arg>
<arg>kalle123</arg>
<status status="PASS" starttime="20231120 22:16:55.975" endtime="20231120 22:16:55.983"/>
</kw>
<kw name="Go To Login Page" library="resource">
<kw name="Go To" library="SeleniumLibrary">
<arg>${LOGIN_URL}</arg>
<doc>Navigates the current browser window to the provided ``url``.</doc>
<msg timestamp="20231120 22:16:55.984" level="INFO">Opening url 'http://localhost:5001/login'</msg>
<status status="PASS" starttime="20231120 22:16:55.984" endtime="20231120 22:16:55.993"/>
</kw>
<status status="PASS" starttime="20231120 22:16:55.983" endtime="20231120 22:16:55.993"/>
</kw>
<kw name="Login Page Should Be Open" library="resource">
<kw name="Title Should Be" library="SeleniumLibrary">
<arg>Login</arg>
<doc>Verifies that the current page title equals ``title``.</doc>
<msg timestamp="20231120 22:16:55.997" level="INFO">Page title is 'Login'.</msg>
<status status="PASS" starttime="20231120 22:16:55.994" endtime="20231120 22:16:55.997"/>
</kw>
<status status="PASS" starttime="20231120 22:16:55.993" endtime="20231120 22:16:55.997"/>
</kw>
<status status="PASS" starttime="20231120 22:16:55.975" endtime="20231120 22:16:55.997"/>
</kw>
<kw name="Go To Register Page" library="resource">
<kw name="Go To" library="SeleniumLibrary">
<arg>${REGISTER_URL}</arg>
<doc>Navigates the current browser window to the provided ``url``.</doc>
<msg timestamp="20231120 22:16:55.997" level="INFO">Opening url 'http://localhost:5001/register'</msg>
<status status="PASS" starttime="20231120 22:16:55.997" endtime="20231120 22:16:56.007"/>
</kw>
<status status="PASS" starttime="20231120 22:16:55.997" endtime="20231120 22:16:56.007"/>
</kw>
<kw name="Register Page Should Be Open" library="resource">
<kw name="Title Should Be" library="SeleniumLibrary">
<arg>Register</arg>
<doc>Verifies that the current page title equals ``title``.</doc>
<msg timestamp="20231120 22:16:56.010" level="INFO">Page title is 'Register'.</msg>
<status status="PASS" starttime="20231120 22:16:56.007" endtime="20231120 22:16:56.010"/>
</kw>
<status status="PASS" starttime="20231120 22:16:56.007" endtime="20231120 22:16:56.010"/>
</kw>
<kw name="Set Username">
<arg>mp</arg>
<kw name="Input Text" library="SeleniumLibrary">
<arg>username</arg>
<arg>${username}</arg>
<doc>Types the given ``text`` into the text field identified by ``locator``.</doc>
<msg timestamp="20231120 22:16:56.011" level="INFO">Typing text 'mp' into text field 'username'.</msg>
<status status="PASS" starttime="20231120 22:16:56.010" endtime="20231120 22:16:56.054"/>
</kw>
<status status="PASS" starttime="20231120 22:16:56.010" endtime="20231120 22:16:56.054"/>
</kw>
<kw name="Set Password">
<arg>mafia123</arg>
<kw name="Input Password" library="SeleniumLibrary">
<arg>password</arg>
<arg>${password}</arg>
<doc>Types the given password into the text field identified by ``locator``.</doc>
<msg timestamp="20231120 22:16:56.055" level="INFO">Typing password into text field 'password'.</msg>
<msg timestamp="20231120 22:16:56.076" level="INFO">Temporally setting log level to: NONE</msg>
<msg timestamp="20231120 22:16:56.103" level="INFO">Log level changed from NONE to INFO.</msg>
<status status="PASS" starttime="20231120 22:16:56.055" endtime="20231120 22:16:56.103"/>
</kw>
<status status="PASS" starttime="20231120 22:16:56.055" endtime="20231120 22:16:56.103"/>
</kw>
<kw name="Register New Account">
<kw name="Click Button" library="SeleniumLibrary">
<arg>Register</arg>
<doc>Clicks the button identified by ``locator``.</doc>
<msg timestamp="20231120 22:16:56.104" level="INFO">Clicking button 'Register'.</msg>
<status status="PASS" starttime="20231120 22:16:56.104" endtime="20231120 22:16:56.143"/>
</kw>
<status status="PASS" starttime="20231120 22:16:56.104" endtime="20231120 22:16:56.144"/>
</kw>
<kw name="Register Should Fail With Message">
<arg>Username must be atleast 3 letters long</arg>
<kw name="Register Page Should Be Open" library="resource">
<kw name="Title Should Be" library="SeleniumLibrary">
<arg>Register</arg>
<doc>Verifies that the current page title equals ``title``.</doc>
<msg timestamp="20231120 22:16:56.147" level="INFO">Page title is 'Register'.</msg>
<status status="PASS" starttime="20231120 22:16:56.144" endtime="20231120 22:16:56.147"/>
</kw>
<status status="PASS" starttime="20231120 22:16:56.144" endtime="20231120 22:16:56.147"/>
</kw>
<kw name="Page Should Contain" library="SeleniumLibrary">
<arg>${message}</arg>
<doc>Verifies that current page contains ``text``.</doc>
<msg timestamp="20231120 22:16:56.157" level="INFO">Current page contains text 'Username must be atleast 3 letters long'.</msg>
<status status="PASS" starttime="20231120 22:16:56.147" endtime="20231120 22:16:56.157"/>
</kw>
<status status="PASS" starttime="20231120 22:16:56.144" endtime="20231120 22:16:56.157"/>
</kw>
<status status="PASS" starttime="20231120 22:16:55.975" endtime="20231120 22:16:56.158"/>
</test>
<test id="s1-s2-t6" name="Register With Valid Username And Too Short Password" line="43">
<kw name="Create User And Go To Login Page" type="SETUP">
<kw name="Create User" library="AppLibrary">
<arg>kalle</arg>
<arg>kalle123</arg>
<status status="PASS" starttime="20231120 22:16:56.159" endtime="20231120 22:16:56.186"/>
</kw>
<kw name="Go To Login Page" library="resource">
<kw name="Go To" library="SeleniumLibrary">
<arg>${LOGIN_URL}</arg>
<doc>Navigates the current browser window to the provided ``url``.</doc>
<msg timestamp="20231120 22:16:56.187" level="INFO">Opening url 'http://localhost:5001/login'</msg>
<status status="PASS" starttime="20231120 22:16:56.187" endtime="20231120 22:16:56.207"/>
</kw>
<status status="PASS" starttime="20231120 22:16:56.186" endtime="20231120 22:16:56.207"/>
</kw>
<kw name="Login Page Should Be Open" library="resource">
<kw name="Title Should Be" library="SeleniumLibrary">
<arg>Login</arg>
<doc>Verifies that the current page title equals ``title``.</doc>
<msg timestamp="20231120 22:16:56.211" level="INFO">Page title is 'Login'.</msg>
<status status="PASS" starttime="20231120 22:16:56.208" endtime="20231120 22:16:56.211"/>
</kw>
<status status="PASS" starttime="20231120 22:16:56.207" endtime="20231120 22:16:56.211"/>
</kw>
<status status="PASS" starttime="20231120 22:16:56.159" endtime="20231120 22:16:56.211"/>
</kw>
<kw name="Go To Register Page" library="resource">
<kw name="Go To" library="SeleniumLibrary">
<arg>${REGISTER_URL}</arg>
<doc>Navigates the current browser window to the provided ``url``.</doc>
<msg timestamp="20231120 22:16:56.212" level="INFO">Opening url 'http://localhost:5001/register'</msg>
<status status="PASS" starttime="20231120 22:16:56.212" endtime="20231120 22:16:56.222"/>
</kw>
<status status="PASS" starttime="20231120 22:16:56.211" endtime="20231120 22:16:56.222"/>
</kw>
<kw name="Register Page Should Be Open" library="resource">
<kw name="Title Should Be" library="SeleniumLibrary">
<arg>Register</arg>
<doc>Verifies that the current page title equals ``title``.</doc>
<msg timestamp="20231120 22:16:56.226" level="INFO">Page title is 'Register'.</msg>
<status status="PASS" starttime="20231120 22:16:56.223" endtime="20231120 22:16:56.226"/>
</kw>
<status status="PASS" starttime="20231120 22:16:56.223" endtime="20231120 22:16:56.226"/>
</kw>
<kw name="Set Username">
<arg>mafia</arg>
<kw name="Input Text" library="SeleniumLibrary">
<arg>username</arg>
<arg>${username}</arg>
<doc>Types the given ``text`` into the text field identified by ``locator``.</doc>
<msg timestamp="20231120 22:16:56.227" level="INFO">Typing text 'mafia' into text field 'username'.</msg>
<status status="PASS" starttime="20231120 22:16:56.226" endtime="20231120 22:16:56.270"/>
</kw>
<status status="PASS" starttime="20231120 22:16:56.226" endtime="20231120 22:16:56.270"/>
</kw>
<kw name="Set Password">
<arg>mafia12</arg>
<kw name="Input Password" library="SeleniumLibrary">
<arg>password</arg>
<arg>${password}</arg>
<doc>Types the given password into the text field identified by ``locator``.</doc>
<msg timestamp="20231120 22:16:56.271" level="INFO">Typing password into text field 'password'.</msg>
<msg timestamp="20231120 22:16:56.293" level="INFO">Temporally setting log level to: NONE</msg>
<msg timestamp="20231120 22:16:56.319" level="INFO">Log level changed from NONE to INFO.</msg>
<status status="PASS" starttime="20231120 22:16:56.271" endtime="20231120 22:16:56.319"/>
</kw>
<status status="PASS" starttime="20231120 22:16:56.270" endtime="20231120 22:16:56.319"/>
</kw>
<kw name="Register New Account">
<kw name="Click Button" library="SeleniumLibrary">
<arg>Register</arg>
<doc>Clicks the button identified by ``locator``.</doc>
<msg timestamp="20231120 22:16:56.320" level="INFO">Clicking button 'Register'.</msg>
<status status="PASS" starttime="20231120 22:16:56.320" endtime="20231120 22:16:56.359"/>
</kw>
<status status="PASS" starttime="20231120 22:16:56.319" endtime="20231120 22:16:56.359"/>
</kw>
<kw name="Register Should Fail With Message">
<arg>Password must be atleast 8 letters long</arg>
<kw name="Register Page Should Be Open" library="resource">
<kw name="Title Should Be" library="SeleniumLibrary">
<arg>Register</arg>
<doc>Verifies that the current page title equals ``title``.</doc>
<msg timestamp="20231120 22:16:56.363" level="INFO">Page title is 'Register'.</msg>
<status status="PASS" starttime="20231120 22:16:56.360" endtime="20231120 22:16:56.363"/>
</kw>
<status status="PASS" starttime="20231120 22:16:56.360" endtime="20231120 22:16:56.363"/>
</kw>
<kw name="Page Should Contain" library="SeleniumLibrary">
<arg>${message}</arg>
<doc>Verifies that current page contains ``text``.</doc>
<msg timestamp="20231120 22:16:56.373" level="INFO">Current page contains text 'Password must be atleast 8 letters long'.</msg>
<status status="PASS" starttime="20231120 22:16:56.363" endtime="20231120 22:16:56.373"/>
</kw>
<status status="PASS" starttime="20231120 22:16:56.359" endtime="20231120 22:16:56.373"/>
</kw>
<status status="PASS" starttime="20231120 22:16:56.158" endtime="20231120 22:16:56.373"/>
</test>
<test id="s1-s2-t7" name="Register With Valid Username And Invalid Password" line="51">
<kw name="Create User And Go To Login Page" type="SETUP">
<kw name="Create User" library="AppLibrary">
<arg>kalle</arg>
<arg>kalle123</arg>
<status status="PASS" starttime="20231120 22:16:56.375" endtime="20231120 22:16:56.382"/>
</kw>
<kw name="Go To Login Page" library="resource">
<kw name="Go To" library="SeleniumLibrary">
<arg>${LOGIN_URL}</arg>
<doc>Navigates the current browser window to the provided ``url``.</doc>
<msg timestamp="20231120 22:16:56.382" level="INFO">Opening url 'http://localhost:5001/login'</msg>
<status status="PASS" starttime="20231120 22:16:56.382" endtime="20231120 22:16:56.392"/>
</kw>
<status status="PASS" starttime="20231120 22:16:56.382" endtime="20231120 22:16:56.393"/>
</kw>
<kw name="Login Page Should Be Open" library="resource">
<kw name="Title Should Be" library="SeleniumLibrary">
<arg>Login</arg>
<doc>Verifies that the current page title equals ``title``.</doc>
<msg timestamp="20231120 22:16:56.396" level="INFO">Page title is 'Login'.</msg>
<status status="PASS" starttime="20231120 22:16:56.393" endtime="20231120 22:16:56.396"/>
</kw>
<status status="PASS" starttime="20231120 22:16:56.393" endtime="20231120 22:16:56.396"/>
</kw>
<status status="PASS" starttime="20231120 22:16:56.374" endtime="20231120 22:16:56.396"/>
</kw>
<kw name="Go To Register Page" library="resource">
<kw name="Go To" library="SeleniumLibrary">
<arg>${REGISTER_URL}</arg>
<doc>Navigates the current browser window to the provided ``url``.</doc>
<msg timestamp="20231120 22:16:56.397" level="INFO">Opening url 'http://localhost:5001/register'</msg>
<status status="PASS" starttime="20231120 22:16:56.397" endtime="20231120 22:16:56.406"/>
</kw>
<status status="PASS" starttime="20231120 22:16:56.396" endtime="20231120 22:16:56.406"/>
</kw>
<kw name="Register Page Should Be Open" library="resource">
<kw name="Title Should Be" library="SeleniumLibrary">
<arg>Register</arg>
<doc>Verifies that the current page title equals ``title``.</doc>
<msg timestamp="20231120 22:16:56.409" level="INFO">Page title is 'Register'.</msg>
<status status="PASS" starttime="20231120 22:16:56.407" endtime="20231120 22:16:56.409"/>
</kw>
<status status="PASS" starttime="20231120 22:16:56.406" endtime="20231120 22:16:56.409"/>
</kw>
<kw name="Set Username">
<arg>mafia</arg>
<kw name="Input Text" library="SeleniumLibrary">
<arg>username</arg>
<arg>${username}</arg>
<doc>Types the given ``text`` into the text field identified by ``locator``.</doc>
<msg timestamp="20231120 22:16:56.410" level="INFO">Typing text 'mafia' into text field 'username'.</msg>
<status status="PASS" starttime="20231120 22:16:56.410" endtime="20231120 22:16:56.454"/>
</kw>
<status status="PASS" starttime="20231120 22:16:56.410" endtime="20231120 22:16:56.454"/>
</kw>
<kw name="Set Password">
<arg>mafiayksikaksikolme</arg>
<kw name="Input Password" library="SeleniumLibrary">
<arg>password</arg>
<arg>${password}</arg>
<doc>Types the given password into the text field identified by ``locator``.</doc>
<msg timestamp="20231120 22:16:56.455" level="INFO">Typing password into text field 'password'.</msg>
<msg timestamp="20231120 22:16:56.474" level="INFO">Temporally setting log level to: NONE</msg>
<msg timestamp="20231120 22:16:56.502" level="INFO">Log level changed from NONE to INFO.</msg>
<status status="PASS" starttime="20231120 22:16:56.455" endtime="20231120 22:16:56.502"/>
</kw>
<status status="PASS" starttime="20231120 22:16:56.454" endtime="20231120 22:16:56.502"/>
</kw>
<kw name="Register New Account">
<kw name="Click Button" library="SeleniumLibrary">
<arg>Register</arg>
<doc>Clicks the button identified by ``locator``.</doc>
<msg timestamp="20231120 22:16:56.503" level="INFO">Clicking button 'Register'.</msg>
<status status="PASS" starttime="20231120 22:16:56.502" endtime="20231120 22:16:56.541"/>
</kw>
<status status="PASS" starttime="20231120 22:16:56.502" endtime="20231120 22:16:56.541"/>
</kw>
<kw name="Register Should Fail With Message">
<arg>Password must contain weird letters!</arg>
<kw name="Register Page Should Be Open" library="resource">
<kw name="Title Should Be" library="SeleniumLibrary">
<arg>Register</arg>
<doc>Verifies that the current page title equals ``title``.</doc>
<msg timestamp="20231120 22:16:56.545" level="INFO">Page title is 'Register'.</msg>
<status status="PASS" starttime="20231120 22:16:56.541" endtime="20231120 22:16:56.545"/>
</kw>
<status status="PASS" starttime="20231120 22:16:56.541" endtime="20231120 22:16:56.545"/>
</kw>
<kw name="Page Should Contain" library="SeleniumLibrary">
<arg>${message}</arg>
<doc>Verifies that current page contains ``text``.</doc>
<msg timestamp="20231120 22:16:56.556" level="INFO">Current page contains text 'Password must contain weird letters!'.</msg>
<status status="PASS" starttime="20231120 22:16:56.545" endtime="20231120 22:16:56.556"/>
</kw>
<status status="PASS" starttime="20231120 22:16:56.541" endtime="20231120 22:16:56.556"/>
</kw>
<status status="PASS" starttime="20231120 22:16:56.374" endtime="20231120 22:16:56.556"/>
</test>
<test id="s1-s2-t8" name="Register With Nonmatching Password And Password Confirmation" line="59">
<kw name="Create User And Go To Login Page" type="SETUP">
<kw name="Create User" library="AppLibrary">
<arg>kalle</arg>
<arg>kalle123</arg>
<status status="PASS" starttime="20231120 22:16:56.557" endtime="20231120 22:16:56.564"/>
</kw>
<kw name="Go To Login Page" library="resource">
<kw name="Go To" library="SeleniumLibrary">
<arg>${LOGIN_URL}</arg>
<doc>Navigates the current browser window to the provided ``url``.</doc>
<msg timestamp="20231120 22:16:56.565" level="INFO">Opening url 'http://localhost:5001/login'</msg>
<status status="PASS" starttime="20231120 22:16:56.565" endtime="20231120 22:16:56.575"/>
</kw>
<status status="PASS" starttime="20231120 22:16:56.564" endtime="20231120 22:16:56.575"/>
</kw>
<kw name="Login Page Should Be Open" library="resource">
<kw name="Title Should Be" library="SeleniumLibrary">
<arg>Login</arg>
<doc>Verifies that the current page title equals ``title``.</doc>
<msg timestamp="20231120 22:16:56.579" level="INFO">Page title is 'Login'.</msg>
<status status="PASS" starttime="20231120 22:16:56.575" endtime="20231120 22:16:56.579"/>
</kw>
<status status="PASS" starttime="20231120 22:16:56.575" endtime="20231120 22:16:56.579"/>
</kw>
<status status="PASS" starttime="20231120 22:16:56.557" endtime="20231120 22:16:56.579"/>
</kw>
<kw name="Go To Register Page" library="resource">
<kw name="Go To" library="SeleniumLibrary">
<arg>${REGISTER_URL}</arg>
<doc>Navigates the current browser window to the provided ``url``.</doc>
<msg timestamp="20231120 22:16:56.579" level="INFO">Opening url 'http://localhost:5001/register'</msg>
<status status="PASS" starttime="20231120 22:16:56.579" endtime="20231120 22:16:56.589"/>
</kw>
<status status="PASS" starttime="20231120 22:16:56.579" endtime="20231120 22:16:56.589"/>
</kw>
<kw name="Register Page Should Be Open" library="resource">
<kw name="Title Should Be" library="SeleniumLibrary">
<arg>Register</arg>
<doc>Verifies that the current page title equals ``title``.</doc>
<msg timestamp="20231120 22:16:56.592" level="INFO">Page title is 'Register'.</msg>
<status status="PASS" starttime="20231120 22:16:56.589" endtime="20231120 22:16:56.592"/>
</kw>
<status status="PASS" starttime="20231120 22:16:56.589" endtime="20231120 22:16:56.592"/>
</kw>
<kw name="Set Username">
<arg>mafia</arg>
<kw name="Input Text" library="SeleniumLibrary">
<arg>username</arg>
<arg>${username}</arg>
<doc>Types the given ``text`` into the text field identified by ``locator``.</doc>
<msg timestamp="20231120 22:16:56.593" level="INFO">Typing text 'mafia' into text field 'username'.</msg>
<status status="PASS" starttime="20231120 22:16:56.592" endtime="20231120 22:16:56.638"/>
</kw>
<status status="PASS" starttime="20231120 22:16:56.592" endtime="20231120 22:16:56.638"/>
</kw>
<kw name="Set Password">
<arg>mafia123</arg>
<kw name="Input Password" library="SeleniumLibrary">
<arg>password</arg>
<arg>${password}</arg>
<doc>Types the given password into the text field identified by ``locator``.</doc>
<msg timestamp="20231120 22:16:56.639" level="INFO">Typing password into text field 'password'.</msg>
<msg timestamp="20231120 22:16:56.660" level="INFO">Temporally setting log level to: NONE</msg>
<msg timestamp="20231120 22:16:56.686" level="INFO">Log level changed from NONE to INFO.</msg>
<status status="PASS" starttime="20231120 22:16:56.639" endtime="20231120 22:16:56.686"/>
</kw>
<status status="PASS" starttime="20231120 22:16:56.638" endtime="20231120 22:16:56.686"/>
</kw>
<kw name="Set Password">
<arg>mafia456</arg>
<kw name="Input Password" library="SeleniumLibrary">
<arg>password</arg>
<arg>${password}</arg>
<doc>Types the given password into the text field identified by ``locator``.</doc>
<msg timestamp="20231120 22:16:56.687" level="INFO">Typing password into text field 'password'.</msg>
<msg timestamp="20231120 22:16:56.708" level="INFO">Temporally setting log level to: NONE</msg>
<msg timestamp="20231120 22:16:56.732" level="INFO">Log level changed from NONE to INFO.</msg>
<status status="PASS" starttime="20231120 22:16:56.687" endtime="20231120 22:16:56.732"/>
</kw>
<status status="PASS" starttime="20231120 22:16:56.686" endtime="20231120 22:16:56.732"/>
</kw>
<kw name="Register New Account">
<kw name="Click Button" library="SeleniumLibrary">
<arg>Register</arg>
<doc>Clicks the button identified by ``locator``.</doc>
<msg timestamp="20231120 22:16:56.733" level="INFO">Clicking button 'Register'.</msg>
<status status="PASS" starttime="20231120 22:16:56.733" endtime="20231120 22:16:56.772"/>
</kw>
<status status="PASS" starttime="20231120 22:16:56.732" endtime="20231120 22:16:56.772"/>
</kw>
<kw name="Register Should Fail With Message">
<arg>Passwords must match</arg>
<kw name="Register Page Should Be Open" library="resource">
<kw name="Title Should Be" library="SeleniumLibrary">
<arg>Register</arg>
<doc>Verifies that the current page title equals ``title``.</doc>
<msg timestamp="20231120 22:16:56.776" level="INFO">Page title is 'Register'.</msg>
<status status="PASS" starttime="20231120 22:16:56.773" endtime="20231120 22:16:56.776"/>
</kw>
<status status="PASS" starttime="20231120 22:16:56.773" endtime="20231120 22:16:56.776"/>
</kw>
<kw name="Page Should Contain" library="SeleniumLibrary">
<arg>${message}</arg>
<doc>Verifies that current page contains ``text``.</doc>
<msg timestamp="20231120 22:16:56.786" level="INFO">Current page contains text 'Passwords must match'.</msg>
<status status="PASS" starttime="20231120 22:16:56.776" endtime="20231120 22:16:56.786"/>
</kw>
<status status="PASS" starttime="20231120 22:16:56.772" endtime="20231120 22:16:56.786"/>
</kw>
<status status="PASS" starttime="20231120 22:16:56.556" endtime="20231120 22:16:56.786"/>
</test>
<kw name="Close Browser" library="SeleniumLibrary" type="TEARDOWN">
<doc>Closes the current browser.</doc>
<status status="PASS" starttime="20231120 22:16:56.787" endtime="20231120 22:16:56.847"/>
</kw>
<status status="PASS" starttime="20231120 22:16:54.367" endtime="20231120 22:16:56.847"/>
</suite>
<status status="PASS" starttime="20231120 22:16:53.212" endtime="20231120 22:16:56.850"/>
</suite>
<statistics>
<total>
<stat pass="10" fail="0" skip="0">All Tests</stat>
</total>
<tag>
</tag>
<suite>
<stat pass="10" fail="0" skip="0" id="s1" name="Tests">Tests</stat>
<stat pass="2" fail="0" skip="0" id="s1-s1" name="Home">Tests.Home</stat>
<stat pass="8" fail="0" skip="0" id="s1-s2" name="Login">Tests.Login</stat>
</suite>
</statistics>
<errors>
</errors>
</robot>
