<?xml version="1.0" encoding="UTF-8"?>
<robot generator="Robot 6.1.1 (Python 3.10.12 on linux)" generated="20231120 17:16:40.172" rpa="false" schemaversion="4">
<suite id="s1" name="Tests" source="/home/lpatrik/palautusrepositorio/viikko3/login-robot/src/tests">
<suite id="s1-s1" name="Login" source="/home/lpatrik/palautusrepositorio/viikko3/login-robot/src/tests/login.robot">
<test id="s1-s1-t1" name="Login With Correct Credentials" line="6">
<kw name="Create User And Input Login Command" type="SETUP">
<kw name="Create User" library="AppLibrary">
<arg>kalle</arg>
<arg>kalle123</arg>
<status status="PASS" starttime="20231120 17:16:40.192" endtime="20231120 17:16:40.192"/>
</kw>
<kw name="Input Login Command" library="resource">
<kw name="Input" library="AppLibrary">
<arg>login</arg>
<status status="PASS" starttime="20231120 17:16:40.192" endtime="20231120 17:16:40.192"/>
</kw>
<status status="PASS" starttime="20231120 17:16:40.192" endtime="20231120 17:16:40.192"/>
</kw>
<status status="PASS" starttime="20231120 17:16:40.191" endtime="20231120 17:16:40.192"/>
</kw>
<kw name="Input Credentials" library="resource">
<arg>kalle</arg>
<arg>kalle123</arg>
<kw name="Input" library="AppLibrary">
<arg>${username}</arg>
<status status="PASS" starttime="20231120 17:16:40.192" endtime="20231120 17:16:40.193"/>
</kw>
<kw name="Input" library="AppLibrary">
<arg>${password}</arg>
<status status="PASS" starttime="20231120 17:16:40.193" endtime="20231120 17:16:40.193"/>
</kw>
<kw name="Run Application" library="AppLibrary">
<status status="PASS" starttime="20231120 17:16:40.193" endtime="20231120 17:16:40.193"/>
</kw>
<status status="PASS" starttime="20231120 17:16:40.192" endtime="20231120 17:16:40.193"/>
</kw>
<kw name="Output Should Contain" library="AppLibrary">
<arg>Logged in</arg>
<status status="PASS" starttime="20231120 17:16:40.193" endtime="20231120 17:16:40.193"/>
</kw>
<status status="PASS" starttime="20231120 17:16:40.191" endtime="20231120 17:16:40.193"/>
</test>
<test id="s1-s1-t2" name="Login With Incorrect Password" line="9">
<kw name="Create User And Input Login Command" type="SETUP">
<kw name="Create User" library="AppLibrary">
<arg>kalle</arg>
<arg>kalle123</arg>
<status status="PASS" starttime="20231120 17:16:40.194" endtime="20231120 17:16:40.194"/>
</kw>
<kw name="Input Login Command" library="resource">
<kw name="Input" library="AppLibrary">
<arg>login</arg>
<status status="PASS" starttime="20231120 17:16:40.194" endtime="20231120 17:16:40.194"/>
</kw>
<status status="PASS" starttime="20231120 17:16:40.194" endtime="20231120 17:16:40.194"/>
</kw>
<status status="PASS" starttime="20231120 17:16:40.194" endtime="20231120 17:16:40.194"/>
</kw>
<kw name="Input Credentials" library="resource">
<arg>kalle</arg>
<arg>kalleykskakskolme</arg>
<kw name="Input" library="AppLibrary">
<arg>${username}</arg>
<status status="PASS" starttime="20231120 17:16:40.195" endtime="20231120 17:16:40.195"/>
</kw>
<kw name="Input" library="AppLibrary">
<arg>${password}</arg>
<status status="PASS" starttime="20231120 17:16:40.195" endtime="20231120 17:16:40.195"/>
</kw>
<kw name="Run Application" library="AppLibrary">
<status status="PASS" starttime="20231120 17:16:40.195" endtime="20231120 17:16:40.195"/>
</kw>
<status status="PASS" starttime="20231120 17:16:40.194" endtime="20231120 17:16:40.195"/>
</kw>
<kw name="Output Should Not Contain" library="AppLibrary">
<arg>Logged in</arg>
<status status="PASS" starttime="20231120 17:16:40.195" endtime="20231120 17:16:40.195"/>
</kw>
<status status="PASS" starttime="20231120 17:16:40.193" endtime="20231120 17:16:40.195"/>
</test>
<test id="s1-s1-t3" name="Login With Nonexistent Username" line="13">
<kw name="Create User And Input Login Command" type="SETUP">
<kw name="Create User" library="AppLibrary">
<arg>kalle</arg>
<arg>kalle123</arg>
<status status="PASS" starttime="20231120 17:16:40.196" endtime="20231120 17:16:40.196"/>
</kw>
<kw name="Input Login Command" library="resource">
<kw name="Input" library="AppLibrary">
<arg>login</arg>
<status status="PASS" starttime="20231120 17:16:40.196" endtime="20231120 17:16:40.196"/>
</kw>
<status status="PASS" starttime="20231120 17:16:40.196" endtime="20231120 17:16:40.196"/>
</kw>
<status status="PASS" starttime="20231120 17:16:40.196" endtime="20231120 17:16:40.196"/>
</kw>
<kw name="Input Credentials" library="resource">
<arg>calle</arg>
<arg>kalle123</arg>
<kw name="Input" library="AppLibrary">
<arg>${username}</arg>
<status status="PASS" starttime="20231120 17:16:40.196" endtime="20231120 17:16:40.197"/>
</kw>
<kw name="Input" library="AppLibrary">
<arg>${password}</arg>
<status status="PASS" starttime="20231120 17:16:40.197" endtime="20231120 17:16:40.197"/>
</kw>
<kw name="Run Application" library="AppLibrary">
<status status="PASS" starttime="20231120 17:16:40.197" endtime="20231120 17:16:40.197"/>
</kw>
<status status="PASS" starttime="20231120 17:16:40.196" endtime="20231120 17:16:40.197"/>
</kw>
<kw name="Output Should Not Contain" library="AppLibrary">
<arg>Logged in</arg>
<status status="PASS" starttime="20231120 17:16:40.197" endtime="20231120 17:16:40.197"/>
</kw>
<status status="PASS" starttime="20231120 17:16:40.195" endtime="20231120 17:16:40.197"/>
</test>
<status status="PASS" starttime="20231120 17:16:40.187" endtime="20231120 17:16:40.197"/>
</suite>
<status status="PASS" starttime="20231120 17:16:40.173" endtime="20231120 17:16:40.198"/>
</suite>
<statistics>
<total>
<stat pass="3" fail="0" skip="0">All Tests</stat>
</total>
<tag>
</tag>
<suite>
<stat pass="3" fail="0" skip="0" id="s1" name="Tests">Tests</stat>
<stat pass="3" fail="0" skip="0" id="s1-s1" name="Login">Tests.Login</stat>
</suite>
</statistics>
<errors>
</errors>
</robot>
