<?xml version="1.0" encoding="UTF-8"?>
<robot generator="Robot 6.1.1 (Python 3.10.12 on linux)" generated="20231120 19:30:14.741" rpa="false" schemaversion="4">
<suite id="s1" name="Tests" source="/home/lpatrik/palautusrepositorio/viikko3/login-robot/src/tests">
<suite id="s1-s1" name="Login" source="/home/lpatrik/palautusrepositorio/viikko3/login-robot/src/tests/login.robot">
<test id="s1-s1-t1" name="Login With Correct Credentials" line="6">
<kw name="Create User And Input Login Command" type="SETUP">
<kw name="Create User" library="AppLibrary">
<arg>kalle</arg>
<arg>kalle123</arg>
<status status="PASS" starttime="20231120 19:30:14.761" endtime="20231120 19:30:14.761"/>
</kw>
<kw name="Input Login Command" library="resource">
<kw name="Input" library="AppLibrary">
<arg>login</arg>
<status status="PASS" starttime="20231120 19:30:14.762" endtime="20231120 19:30:14.762"/>
</kw>
<status status="PASS" starttime="20231120 19:30:14.761" endtime="20231120 19:30:14.762"/>
</kw>
<status status="PASS" starttime="20231120 19:30:14.761" endtime="20231120 19:30:14.762"/>
</kw>
<kw name="Input Credentials" library="resource">
<arg>kalle</arg>
<arg>kalle123</arg>
<kw name="Input" library="AppLibrary">
<arg>${username}</arg>
<status status="PASS" starttime="20231120 19:30:14.762" endtime="20231120 19:30:14.762"/>
</kw>
<kw name="Input" library="AppLibrary">
<arg>${password}</arg>
<status status="PASS" starttime="20231120 19:30:14.763" endtime="20231120 19:30:14.763"/>
</kw>
<kw name="Run Application" library="AppLibrary">
<status status="PASS" starttime="20231120 19:30:14.763" endtime="20231120 19:30:14.763"/>
</kw>
<status status="PASS" starttime="20231120 19:30:14.762" endtime="20231120 19:30:14.763"/>
</kw>
<kw name="Output Should Contain" library="AppLibrary">
<arg>Logged in</arg>
<status status="PASS" starttime="20231120 19:30:14.763" endtime="20231120 19:30:14.763"/>
</kw>
<status status="PASS" starttime="20231120 19:30:14.761" endtime="20231120 19:30:14.763"/>
</test>
<test id="s1-s1-t2" name="Login With Incorrect Password" line="9">
<kw name="Create User And Input Login Command" type="SETUP">
<kw name="Create User" library="AppLibrary">
<arg>kalle</arg>
<arg>kalle123</arg>
<status status="PASS" starttime="20231120 19:30:14.764" endtime="20231120 19:30:14.764"/>
</kw>
<kw name="Input Login Command" library="resource">
<kw name="Input" library="AppLibrary">
<arg>login</arg>
<status status="PASS" starttime="20231120 19:30:14.764" endtime="20231120 19:30:14.764"/>
</kw>
<status status="PASS" starttime="20231120 19:30:14.764" endtime="20231120 19:30:14.764"/>
</kw>
<status status="PASS" starttime="20231120 19:30:14.763" endtime="20231120 19:30:14.764"/>
</kw>
<kw name="Input Credentials" library="resource">
<arg>kalle</arg>
<arg>kalleykskakskolme</arg>
<kw name="Input" library="AppLibrary">
<arg>${username}</arg>
<status status="PASS" starttime="20231120 19:30:14.764" endtime="20231120 19:30:14.765"/>
</kw>
<kw name="Input" library="AppLibrary">
<arg>${password}</arg>
<status status="PASS" starttime="20231120 19:30:14.765" endtime="20231120 19:30:14.765"/>
</kw>
<kw name="Run Application" library="AppLibrary">
<status status="PASS" starttime="20231120 19:30:14.765" endtime="20231120 19:30:14.765"/>
</kw>
<status status="PASS" starttime="20231120 19:30:14.764" endtime="20231120 19:30:14.765"/>
</kw>
<kw name="Output Should Contain" library="AppLibrary">
<arg>Invalid username or password</arg>
<status status="PASS" starttime="20231120 19:30:14.765" endtime="20231120 19:30:14.765"/>
</kw>
<status status="PASS" starttime="20231120 19:30:14.763" endtime="20231120 19:30:14.765"/>
</test>
<test id="s1-s1-t3" name="Login With Nonexistent Username" line="13">
<kw name="Create User And Input Login Command" type="SETUP">
<kw name="Create User" library="AppLibrary">
<arg>kalle</arg>
<arg>kalle123</arg>
<status status="PASS" starttime="20231120 19:30:14.766" endtime="20231120 19:30:14.766"/>
</kw>
<kw name="Input Login Command" library="resource">
<kw name="Input" library="AppLibrary">
<arg>login</arg>
<status status="PASS" starttime="20231120 19:30:14.766" endtime="20231120 19:30:14.766"/>
</kw>
<status status="PASS" starttime="20231120 19:30:14.766" endtime="20231120 19:30:14.766"/>
</kw>
<status status="PASS" starttime="20231120 19:30:14.765" endtime="20231120 19:30:14.766"/>
</kw>
<kw name="Input Credentials" library="resource">
<arg>calle</arg>
<arg>kalle123</arg>
<kw name="Input" library="AppLibrary">
<arg>${username}</arg>
<status status="PASS" starttime="20231120 19:30:14.766" endtime="20231120 19:30:14.766"/>
</kw>
<kw name="Input" library="AppLibrary">
<arg>${password}</arg>
<status status="PASS" starttime="20231120 19:30:14.766" endtime="20231120 19:30:14.767"/>
</kw>
<kw name="Run Application" library="AppLibrary">
<status status="PASS" starttime="20231120 19:30:14.767" endtime="20231120 19:30:14.767"/>
</kw>
<status status="PASS" starttime="20231120 19:30:14.766" endtime="20231120 19:30:14.767"/>
</kw>
<kw name="Output Should Contain" library="AppLibrary">
<arg>Invalid username or password</arg>
<status status="PASS" starttime="20231120 19:30:14.767" endtime="20231120 19:30:14.767"/>
</kw>
<status status="PASS" starttime="20231120 19:30:14.765" endtime="20231120 19:30:14.767"/>
</test>
<status status="PASS" starttime="20231120 19:30:14.756" endtime="20231120 19:30:14.767"/>
</suite>
<suite id="s1-s2" name="Register" source="/home/lpatrik/palautusrepositorio/viikko3/login-robot/src/tests/register.robot">
<test id="s1-s2-t1" name="Register With Valid Username And Password" line="6">
<kw name="Create User And Input Register Command" type="SETUP">
<kw name="Create User" library="AppLibrary">
<arg>kalle</arg>
<arg>kalle123</arg>
<status status="PASS" starttime="20231120 19:30:14.770" endtime="20231120 19:30:14.770"/>
</kw>
<kw name="Input Register Command" library="resource">
<kw name="Input" library="AppLibrary">
<arg>new</arg>
<status status="PASS" starttime="20231120 19:30:14.770" endtime="20231120 19:30:14.771"/>
</kw>
<status status="PASS" starttime="20231120 19:30:14.770" endtime="20231120 19:30:14.771"/>
</kw>
<status status="PASS" starttime="20231120 19:30:14.770" endtime="20231120 19:30:14.771"/>
</kw>
<kw name="Input Credentials" library="resource">
<arg>galle</arg>
<arg>galle123</arg>
<kw name="Input" library="AppLibrary">
<arg>${username}</arg>
<status status="PASS" starttime="20231120 19:30:14.771" endtime="20231120 19:30:14.771"/>
</kw>
<kw name="Input" library="AppLibrary">
<arg>${password}</arg>
<status status="PASS" starttime="20231120 19:30:14.771" endtime="20231120 19:30:14.771"/>
</kw>
<kw name="Run Application" library="AppLibrary">
<status status="PASS" starttime="20231120 19:30:14.771" endtime="20231120 19:30:14.771"/>
</kw>
<status status="PASS" starttime="20231120 19:30:14.771" endtime="20231120 19:30:14.771"/>
</kw>
<kw name="Output Should Contain" library="AppLibrary">
<arg>New user registered</arg>
<status status="PASS" starttime="20231120 19:30:14.772" endtime="20231120 19:30:14.772"/>
</kw>
<status status="PASS" starttime="20231120 19:30:14.770" endtime="20231120 19:30:14.772"/>
</test>
<test id="s1-s2-t2" name="Register With Already Taken Username And Valid Password" line="10">
<kw name="Create User And Input Register Command" type="SETUP">
<kw name="Create User" library="AppLibrary">
<arg>kalle</arg>
<arg>kalle123</arg>
<status status="PASS" starttime="20231120 19:30:14.772" endtime="20231120 19:30:14.772"/>
</kw>
<kw name="Input Register Command" library="resource">
<kw name="Input" library="AppLibrary">
<arg>new</arg>
<status status="PASS" starttime="20231120 19:30:14.773" endtime="20231120 19:30:14.773"/>
</kw>
<status status="PASS" starttime="20231120 19:30:14.773" endtime="20231120 19:30:14.773"/>
</kw>
<status status="PASS" starttime="20231120 19:30:14.772" endtime="20231120 19:30:14.773"/>
</kw>
<kw name="Input Credentials" library="resource">
<arg>kalle</arg>
<arg>galle123</arg>
<kw name="Input" library="AppLibrary">
<arg>${username}</arg>
<status status="PASS" starttime="20231120 19:30:14.773" endtime="20231120 19:30:14.773"/>
</kw>
<kw name="Input" library="AppLibrary">
<arg>${password}</arg>
<status status="PASS" starttime="20231120 19:30:14.773" endtime="20231120 19:30:14.773"/>
</kw>
<kw name="Run Application" library="AppLibrary">
<status status="PASS" starttime="20231120 19:30:14.773" endtime="20231120 19:30:14.774"/>
</kw>
<status status="PASS" starttime="20231120 19:30:14.773" endtime="20231120 19:30:14.774"/>
</kw>
<kw name="Output Should Contain" library="AppLibrary">
<arg>Username taken</arg>
<status status="PASS" starttime="20231120 19:30:14.774" endtime="20231120 19:30:14.774"/>
</kw>
<status status="PASS" starttime="20231120 19:30:14.772" endtime="20231120 19:30:14.774"/>
</test>
<test id="s1-s2-t3" name="Register With Too Short Username And Valid Password" line="14">
<kw name="Create User And Input Register Command" type="SETUP">
<kw name="Create User" library="AppLibrary">
<arg>kalle</arg>
<arg>kalle123</arg>
<status status="PASS" starttime="20231120 19:30:14.775" endtime="20231120 19:30:14.775"/>
</kw>
<kw name="Input Register Command" library="resource">
<kw name="Input" library="AppLibrary">
<arg>new</arg>
<status status="PASS" starttime="20231120 19:30:14.775" endtime="20231120 19:30:14.775"/>
</kw>
<status status="PASS" starttime="20231120 19:30:14.775" endtime="20231120 19:30:14.775"/>
</kw>
<status status="PASS" starttime="20231120 19:30:14.774" endtime="20231120 19:30:14.775"/>
</kw>
<kw name="Input Credentials" library="resource">
<arg>g</arg>
<arg>galle123</arg>
<kw name="Input" library="AppLibrary">
<arg>${username}</arg>
<status status="PASS" starttime="20231120 19:30:14.775" endtime="20231120 19:30:14.775"/>
</kw>
<kw name="Input" library="AppLibrary">
<arg>${password}</arg>
<status status="PASS" starttime="20231120 19:30:14.775" endtime="20231120 19:30:14.776"/>
</kw>
<kw name="Run Application" library="AppLibrary">
<status status="PASS" starttime="20231120 19:30:14.776" endtime="20231120 19:30:14.776"/>
</kw>
<status status="PASS" starttime="20231120 19:30:14.775" endtime="20231120 19:30:14.776"/>
</kw>
<kw name="Output Should Contain" library="AppLibrary">
<arg>Username must be atleast 3 letters long</arg>
<status status="PASS" starttime="20231120 19:30:14.776" endtime="20231120 19:30:14.776"/>
</kw>
<status status="PASS" starttime="20231120 19:30:14.774" endtime="20231120 19:30:14.776"/>
</test>
<test id="s1-s2-t4" name="Register With Enough Long But Invalid Username And Valid Password" line="18">
<kw name="Create User And Input Register Command" type="SETUP">
<kw name="Create User" library="AppLibrary">
<arg>kalle</arg>
<arg>kalle123</arg>
<status status="PASS" starttime="20231120 19:30:14.777" endtime="20231120 19:30:14.777"/>
</kw>
<kw name="Input Register Command" library="resource">
<kw name="Input" library="AppLibrary">
<arg>new</arg>
<status status="PASS" starttime="20231120 19:30:14.777" endtime="20231120 19:30:14.777"/>
</kw>
<status status="PASS" starttime="20231120 19:30:14.777" endtime="20231120 19:30:14.777"/>
</kw>
<status status="PASS" starttime="20231120 19:30:14.776" endtime="20231120 19:30:14.777"/>
</kw>
<kw name="Input Credentials" library="resource">
<arg>gg-</arg>
<arg>galle123</arg>
<kw name="Input" library="AppLibrary">
<arg>${username}</arg>
<status status="PASS" starttime="20231120 19:30:14.777" endtime="20231120 19:30:14.777"/>
</kw>
<kw name="Input" library="AppLibrary">
<arg>${password}</arg>
<status status="PASS" starttime="20231120 19:30:14.777" endtime="20231120 19:30:14.777"/>
</kw>
<kw name="Run Application" library="AppLibrary">
<status status="PASS" starttime="20231120 19:30:14.778" endtime="20231120 19:30:14.778"/>
</kw>
<status status="PASS" starttime="20231120 19:30:14.777" endtime="20231120 19:30:14.778"/>
</kw>
<kw name="Output Should Contain" library="AppLibrary">
<arg>Username cannot be weird letters!</arg>
<status status="PASS" starttime="20231120 19:30:14.778" endtime="20231120 19:30:14.778"/>
</kw>
<status status="PASS" starttime="20231120 19:30:14.776" endtime="20231120 19:30:14.778"/>
</test>
<test id="s1-s2-t5" name="Register With Valid Username And Too Short Password" line="22">
<kw name="Create User And Input Register Command" type="SETUP">
<kw name="Create User" library="AppLibrary">
<arg>kalle</arg>
<arg>kalle123</arg>
<status status="PASS" starttime="20231120 19:30:14.778" endtime="20231120 19:30:14.779"/>
</kw>
<kw name="Input Register Command" library="resource">
<kw name="Input" library="AppLibrary">
<arg>new</arg>
<status status="PASS" starttime="20231120 19:30:14.779" endtime="20231120 19:30:14.779"/>
</kw>
<status status="PASS" starttime="20231120 19:30:14.779" endtime="20231120 19:30:14.779"/>
</kw>
<status status="PASS" starttime="20231120 19:30:14.778" endtime="20231120 19:30:14.779"/>
</kw>
<kw name="Input Credentials" library="resource">
<arg>gale</arg>
<arg>gale123</arg>
<kw name="Input" library="AppLibrary">
<arg>${username}</arg>
<status status="PASS" starttime="20231120 19:30:14.779" endtime="20231120 19:30:14.779"/>
</kw>
<kw name="Input" library="AppLibrary">
<arg>${password}</arg>
<status status="PASS" starttime="20231120 19:30:14.779" endtime="20231120 19:30:14.779"/>
</kw>
<kw name="Run Application" library="AppLibrary">
<status status="PASS" starttime="20231120 19:30:14.779" endtime="20231120 19:30:14.780"/>
</kw>
<status status="PASS" starttime="20231120 19:30:14.779" endtime="20231120 19:30:14.780"/>
</kw>
<kw name="Output Should Contain" library="AppLibrary">
<arg>Password must be atleast 8 letters long</arg>
<status status="PASS" starttime="20231120 19:30:14.780" endtime="20231120 19:30:14.780"/>
</kw>
<status status="PASS" starttime="20231120 19:30:14.778" endtime="20231120 19:30:14.780"/>
</test>
<test id="s1-s2-t6" name="Register With Valid Username And Long Enough Password Containing Only Letters" line="26">
<kw name="Create User And Input Register Command" type="SETUP">
<kw name="Create User" library="AppLibrary">
<arg>kalle</arg>
<arg>kalle123</arg>
<status status="PASS" starttime="20231120 19:30:14.780" endtime="20231120 19:30:14.781"/>
</kw>
<kw name="Input Register Command" library="resource">
<kw name="Input" library="AppLibrary">
<arg>new</arg>
<status status="PASS" starttime="20231120 19:30:14.781" endtime="20231120 19:30:14.781"/>
</kw>
<status status="PASS" starttime="20231120 19:30:14.781" endtime="20231120 19:30:14.781"/>
</kw>
<status status="PASS" starttime="20231120 19:30:14.780" endtime="20231120 19:30:14.781"/>
</kw>
<kw name="Input Credentials" library="resource">
<arg>gale</arg>
<arg>galeykskakskolme</arg>
<kw name="Input" library="AppLibrary">
<arg>${username}</arg>
<status status="PASS" starttime="20231120 19:30:14.781" endtime="20231120 19:30:14.781"/>
</kw>
<kw name="Input" library="AppLibrary">
<arg>${password}</arg>
<status status="PASS" starttime="20231120 19:30:14.781" endtime="20231120 19:30:14.781"/>
</kw>
<kw name="Run Application" library="AppLibrary">
<status status="PASS" starttime="20231120 19:30:14.781" endtime="20231120 19:30:14.782"/>
</kw>
<status status="PASS" starttime="20231120 19:30:14.781" endtime="20231120 19:30:14.782"/>
</kw>
<kw name="Output Should Contain" library="AppLibrary">
<arg>Password must contain weird letters!</arg>
<status status="PASS" starttime="20231120 19:30:14.782" endtime="20231120 19:30:14.782"/>
</kw>
<status status="PASS" starttime="20231120 19:30:14.780" endtime="20231120 19:30:14.782"/>
</test>
<status status="PASS" starttime="20231120 19:30:14.768" endtime="20231120 19:30:14.782"/>
</suite>
<status status="PASS" starttime="20231120 19:30:14.742" endtime="20231120 19:30:14.783"/>
</suite>
<statistics>
<total>
<stat pass="9" fail="0" skip="0">All Tests</stat>
</total>
<tag>
</tag>
<suite>
<stat pass="9" fail="0" skip="0" id="s1" name="Tests">Tests</stat>
<stat pass="3" fail="0" skip="0" id="s1-s1" name="Login">Tests.Login</stat>
<stat pass="6" fail="0" skip="0" id="s1-s2" name="Register">Tests.Register</stat>
</suite>
</statistics>
<errors>
</errors>
</robot>
